\BOOKMARK [1][-]{section.1}{引言}{}% 1
\BOOKMARK [1][-]{section.2}{假设}{}% 2
\BOOKMARK [1][-]{section.3}{无跳过的顺序选择模型——Steam探索队列}{}% 3
\BOOKMARK [2][-]{subsection.3.1}{模型概述 & 符号约定}{section.3}% 4
\BOOKMARK [2][-]{subsection.3.2}{度量模型}{section.3}% 5
\BOOKMARK [2][-]{subsection.3.3}{统计推断 & 优化算法}{section.3}% 6
\BOOKMARK [2][-]{subsection.3.4}{实验结果}{section.3}% 7
\BOOKMARK [1][-]{section.4}{带跳过的顺序选择模型——美团外卖}{}% 8
\BOOKMARK [2][-]{subsection.4.1}{模型修正 & 符号约定}{section.4}% 9
\BOOKMARK [2][-]{subsection.4.2}{度量模型 & 统计推断 & 优化算法}{section.4}% 10
\BOOKMARK [2][-]{subsection.4.3}{实验结果}{section.4}% 11
\BOOKMARK [1][-]{section.5}{带跳过的投票模型——豆瓣、知乎推荐}{}% 12
\BOOKMARK [2][-]{subsection.5.1}{模型修正 & 符号约定}{section.5}% 13
\BOOKMARK [2][-]{subsection.5.2}{度量模型 & 统计推断 & 优化算法}{section.5}% 14
\BOOKMARK [2][-]{subsection.5.3}{实验结果}{section.5}% 15
\BOOKMARK [1][-]{section.6}{实际产品评价}{}% 16
\BOOKMARK [2][-]{subsection.6.1}{两种著名的排行榜产品}{section.6}% 17
\BOOKMARK [2][-]{subsection.6.2}{不同情形下的实验比较}{section.6}% 18
\BOOKMARK [1][-]{section.7}{由此启发得到的基于优化的排行榜算法}{}% 19
\BOOKMARK [1][-]{section.8}{总结}{}% 20
